{"time":"2023-07-11 11:23:30","message":"============= SUMBING1 RUNTIME STARTED ============="}
{"time":"2023-07-11 11:23:30","message":"============= SUMBING1 ENGINE STARTING ============="}
{"time":"2023-07-11 11:23:30","message":"App Address = localhost:7778"}
{"time":"2023-07-11 11:24:42","message":"============= SUMBING1 RUNTIME STARTED ============="}
{"time":"2023-07-11 11:24:42","message":"============= SUMBING1 ENGINE STARTING ============="}
{"time":"2023-07-11 11:24:42","message":"App Address = localhost:7778"}
{"level":"warn","function":"CheckBasicAuth","message":"Basic auth not set","time":"2023-07-11 11:25:15"}
{"level":"info","time":"2023-07-11 11:25:24","message":"Basic auth successful"}
{"level":"info","time":"2023-07-11 11:25:24","message":"=== New Request ==="}
{"time":"2023-07-11 14:33:19","message":"============= SUMBING1 RUNTIME STARTED ============="}
{"time":"2023-07-11 14:33:19","message":"============= SUMBING1 ENGINE STARTING ============="}
{"time":"2023-07-11 14:33:19","message":"App Address = localhost:7778"}
{"time":"2023-07-11 14:44:28","message":"============= SUMBING1 RUNTIME STARTED ============="}
{"time":"2023-07-11 14:44:28","message":"============= SUMBING1 ENGINE STARTING ============="}
{"time":"2023-07-11 14:44:28","message":"App Address = localhost:7778"}
{"level":"warn","function":"CheckBasicAuth","message":"Basic auth not set","time":"2023-07-11 14:45:18"}
{"level":"info","time":"2023-07-11 14:45:27","message":"Basic auth successful"}
{"level":"info","time":"2023-07-11 14:45:27","message":"=== New Request ==="}
{"level":"error","error":"account_id cannot empty","function":"ConvertImagetoBSONWithAccountId","message":"","time":"2023-07-11 14:45:27"}
{"time":"2023-07-11 14:46:30","message":"============= SUMBING1 RUNTIME STARTED ============="}
{"time":"2023-07-11 14:46:30","message":"============= SUMBING1 ENGINE STARTING ============="}
{"time":"2023-07-11 14:46:30","message":"App Address = localhost:7778"}
{"level":"info","time":"2023-07-11 14:46:34","message":"Basic auth successful"}
{"level":"info","time":"2023-07-11 14:46:34","message":"=== New Request ==="}
{"time":"2023-07-11 14:59:22","message":"============= SUMBING1 RUNTIME STARTED ============="}
{"time":"2023-07-11 14:59:22","message":"============= SUMBING1 ENGINE STARTING ============="}
{"time":"2023-07-11 14:59:22","message":"App Address = localhost:7778"}
{"time":"2023-07-11 15:01:59","message":"============= SUMBING1 RUNTIME STARTED ============="}
{"time":"2023-07-11 15:01:59","message":"============= SUMBING1 ENGINE STARTING ============="}
{"time":"2023-07-11 15:01:59","message":"App Address = localhost:7778"}
{"time":"2023-07-11 15:30:31","message":"============= SUMBING1 RUNTIME STARTED ============="}
{"time":"2023-07-11 15:30:31","message":"============= SUMBING1 ENGINE STARTING ============="}
{"time":"2023-07-11 15:30:31","message":"App Address = localhost:7778"}
{"time":"2023-07-11 15:34:03","message":"============= SUMBING1 RUNTIME STARTED ============="}
{"time":"2023-07-11 15:34:03","message":"============= SUMBING1 ENGINE STARTING ============="}
{"time":"2023-07-11 15:34:03","message":"App Address = localhost:7778"}
{"level":"warn","function":"CheckBasicAuth","message":"Basic auth not set","time":"2023-07-11 15:35:25"}
{"level":"info","time":"2023-07-11 15:35:33","message":"Basic auth successful"}
{"level":"info","time":"2023-07-11 15:35:33","message":"=== New Request ==="}
{"time":"2023-07-11 16:03:00","message":"============= SUMBING1 RUNTIME STARTED ============="}
{"time":"2023-07-11 16:03:00","message":"============= SUMBING1 ENGINE STARTING ============="}
{"time":"2023-07-11 16:03:00","message":"App Address = localhost:7778"}
{"level":"warn","function":"CheckBasicAuth","message":"Basic auth not set","time":"2023-07-11 16:03:39"}
{"level":"info","time":"2023-07-11 16:03:47","message":"Basic auth successful"}
{"level":"info","time":"2023-07-11 16:03:47","message":"=== New Request ==="}
{"time":"2023-07-11 16:09:39","message":"============= SUMBING1 RUNTIME STARTED ============="}
{"time":"2023-07-11 16:09:39","message":"============= SUMBING1 ENGINE STARTING ============="}
{"time":"2023-07-11 16:09:39","message":"App Address = localhost:7778"}
{"level":"info","time":"2023-07-11 16:10:16","message":"Basic auth successful"}
{"level":"info","time":"2023-07-11 16:10:16","message":"=== New Request ==="}
{"level":"error","error":"invalid document length","function":"ConvertBSONtoJSON","message":"","time":"2023-07-11 16:10:16"}
{"level":"info","time":"2023-07-11 16:10:21","message":"Basic auth successful"}
{"level":"info","time":"2023-07-11 16:10:21","message":"=== New Request ==="}
{"level":"error","error":"invalid document length","function":"ConvertBSONtoJSON","message":"","time":"2023-07-11 16:10:21"}
{"level":"info","time":"2023-07-11 16:11:20","message":"Basic auth successful"}
{"level":"info","time":"2023-07-11 16:11:20","message":"=== New Request ==="}
{"level":"info","time":"2023-07-11 16:11:28","message":"Basic auth successful"}
{"level":"info","time":"2023-07-11 16:11:28","message":"=== New Request ==="}
{"time":"2023-07-11 16:16:37","message":"============= SUMBING1 RUNTIME STARTED ============="}
{"time":"2023-07-11 16:16:37","message":"============= SUMBING1 ENGINE STARTING ============="}
{"time":"2023-07-11 16:16:37","message":"App Address = localhost:7778"}
{"level":"info","time":"2023-07-11 16:16:57","message":"Basic auth successful"}
{"level":"info","time":"2023-07-11 16:16:57","message":"=== New Request ==="}
{"level":"info","time":"2023-07-11 16:17:19","message":"Basic auth successful"}
{"level":"info","time":"2023-07-11 16:17:19","message":"=== New Request ==="}
{"level":"info","time":"2023-07-11 17:55:51","message":"Basic auth successful"}
{"level":"info","time":"2023-07-11 17:55:51","message":"=== New Request ==="}
{"level":"info","time":"2023-07-11 17:57:23","message":"Basic auth successful"}
{"level":"info","time":"2023-07-11 17:57:23","message":"=== New Request ==="}
{"time":"2023-07-11 18:00:16","message":"============= SUMBING1 RUNTIME STARTED ============="}
{"time":"2023-07-11 18:00:16","message":"============= SUMBING1 ENGINE STARTING ============="}
{"time":"2023-07-11 18:00:16","message":"App Address = localhost:7778"}
{"level":"info","time":"2023-07-11 18:02:41","message":"Basic auth successful"}
{"level":"info","time":"2023-07-11 18:02:41","message":"=== New Request ==="}
{"time":"2023-07-11 23:57:07","message":"============= SUMBING1 RUNTIME STARTED ============="}
{"time":"2023-07-11 23:57:07","message":"============= SUMBING1 ENGINE STARTING ============="}
{"time":"2023-07-11 23:57:07","message":"App Address = localhost:7778"}
{"level":"info","time":"2023-07-11 23:59:38","message":"Basic auth successful"}
{"level":"info","time":"2023-07-11 23:59:38","message":"=== New Request ==="}
{"level":"info","time":"2023-07-12 00:04:12","message":"Basic auth successful"}
{"level":"info","time":"2023-07-12 00:04:12","message":"=== New Request ==="}
